<?xml version="1.0" encoding="UTF-8"?>
<!-- Generated by org.testng.reporters.JUnitReportReporter -->
<testsuite hostname="BAKKA" failures="0" tests="1" name="Android_Testing_Maven.Maven_android.Android_testing" time="0.005" errors="0" timestamp="2021-05-17T07:34:47 IST" skipped="0">
  <testcase classname="Android_Testing_Maven.Maven_android.Android_testing" name="android" time="0.005"/>
  <system-out/>
</testsuite> <!-- Android_Testing_Maven.Maven_android.Android_testing -->
