<?xml version="1.0" encoding="UTF-8"?>
<!-- Generated by org.testng.reporters.JUnitReportReporter -->
<testsuite hostname="BAKKA" failures="0" tests="1" name="Android_Testing_Maven.Maven_android.API_test" time="0.003" errors="0" timestamp="2021-05-16T23:46:26 IST" skipped="0">
  <testcase classname="Android_Testing_Maven.Maven_android.API_test" name="API" time="0.003"/>
  <system-out/>
</testsuite> <!-- Android_Testing_Maven.Maven_android.API_test -->
